============================================================
  Hilbert-Substrate Precipitating Event (single-file, gauge-ready, CUDA-aware)
============================================================
Run root:      outputs\precipitating_event\20251204_004044_hilbert_quench_12_z0p02
Geometry file: lr_embedding_3d_12.npz
Seed:          117
Use gauge:     False
CuPy/CUDA:     ENABLED
------------------------------------------------------------
Geometry n_sites: 12
Edges:            [(0, 1), (0, 2), (0, 4), (1, 3), (1, 5), (2, 3), (2, 6), (3, 7), (4, 5), (4, 6), (4, 8), (5, 7), (5, 9), (6, 7), (6, 10), (7, 11), (8, 9), (8, 10), (9, 11), (10, 11)]
------------------------------------------------------------
[GAUGE] Skipped (use plain Heisenberg/defrag).
------------------------------------------------------------
Configuration (Precipitating Event):
  n_sites          = 12
  local_dim        = 2
  J_coupling       = 2.0
  h_field          = 0.2
  defrag_hot       = 0.3
  defrag_cold      = 1.0
  t_total          = 10.0
  t_quench         = 4.0
  n_steps          = 101
  z_threshold      = 0.02
------------------------------------------------------------
Starting Precipitating Event evolution...
------------------------------------------------------------
Evolution complete.
------------------------------------------------------------
==== Precipitating Event Summary ====
t_quench_effective:      4.000000
final_n_lumps:           1
final_lump_sizes:        [4]
mean_lump_count:         1.455
has_candidates:          True
timesteps_with_any_lump: 88
fraction_time_with_any:  0.871
max_dominant_size:       5
mean_dominant_size:      1.604
first_lump_time:         0.0
last_lump_time:          10.0
parity_mean:             -0.011960
parity_std:              0.000000
N_mean:                  6.010000
N_std:                   0.000000
uses_gauge_phases:       False
internal_change_count:   19
internal_change_frac:    0.190
======================================
