============================================================================
Emergent Hydrogen Pointer Substrate (GPU-aware)
============================================================================
Run ID   : 20251202_101450_H_ptr_gpu_v1
Run dir  : outputs\emergent_pointer_hydrogen\20251202_101450_H_ptr_gpu_v1
Seed     : 12345
Steps    : 5000
Stride   : 10
Lattice  : 16 x 16 x 16
dt       : 0.02
use_gpu  : True (CuPy available: True)
============================================================================

[progress] step 0/5000 (  0.0%)  elapsed=   0.28s  ETA~28288245.20s
[progress] step 250/5000 (  5.0%)  elapsed=  16.44s  ETA~ 312.43s
[progress] step 500/5000 ( 10.0%)  elapsed=  34.79s  ETA~ 313.08s
[progress] step 750/5000 ( 15.0%)  elapsed=  49.57s  ETA~ 280.92s
[progress] step 1000/5000 ( 20.0%)  elapsed=  62.75s  ETA~ 251.01s
[progress] step 1250/5000 ( 25.0%)  elapsed=  77.54s  ETA~ 232.63s
[progress] step 1500/5000 ( 30.0%)  elapsed=  93.52s  ETA~ 218.21s
[progress] step 1750/5000 ( 35.0%)  elapsed= 111.50s  ETA~ 207.06s
[progress] step 2000/5000 ( 40.0%)  elapsed= 128.51s  ETA~ 192.76s
[progress] step 2250/5000 ( 45.0%)  elapsed= 142.79s  ETA~ 174.52s
[progress] step 2500/5000 ( 50.0%)  elapsed= 156.21s  ETA~ 156.21s
[progress] step 2750/5000 ( 55.0%)  elapsed= 169.48s  ETA~ 138.67s
[progress] step 3000/5000 ( 60.0%)  elapsed= 184.43s  ETA~ 122.95s
[progress] step 3250/5000 ( 65.0%)  elapsed= 200.84s  ETA~ 108.14s
[progress] step 3500/5000 ( 70.0%)  elapsed= 215.67s  ETA~  92.43s
[progress] step 3750/5000 ( 75.0%)  elapsed= 230.38s  ETA~  76.79s
[progress] step 4000/5000 ( 80.0%)  elapsed= 246.55s  ETA~  61.64s
[progress] step 4250/5000 ( 85.0%)  elapsed= 263.00s  ETA~  46.41s
[progress] step 4500/5000 ( 90.0%)  elapsed= 279.30s  ETA~  31.03s
[progress] step 4750/5000 ( 95.0%)  elapsed= 295.70s  ETA~  15.56s
[progress] step 5000/5000 (100.0%)  elapsed= 312.00s  ETA~   0.00s

============================================================================
Run complete.
Converged: True
Runtime  : 314.475 s
============================================================================
