============================================================
  Gauge Flux Experiment on Emergent Geometry
============================================================
Run root:      outputs\gauge_flux_experiment\20251203_150120_gauge_flux_v1
Geometry file: lr_embedding_3d.npz
Random seed:   117
------------------------------------------------------------
Geometry n_sites: 8
------------------------------------------------------------
n_sites = 8, n_edges = 12
Edges: [(0, 1), (0, 2), (0, 4), (1, 3), (1, 5), (2, 3), (2, 6), (3, 7), (4, 5), (4, 6), (5, 7), (6, 7)]
------------------------------------------------------------
[step 000] E0 = -11.365113, cost = -0.635434
[step 001] E0 = -11.336490, cost = -0.695857
[step 002] E0 = -11.343116, cost = -0.716779
[step 003] E0 = -11.352894, cost = -0.733911
[step 004] E0 = -11.362590, cost = -0.748353
[step 005] E0 = -11.371763, cost = -0.760575
[step 006] E0 = -11.380046, cost = -0.771145
[step 007] E0 = -11.387196, cost = -0.780555
[step 008] E0 = -11.393135, cost = -0.789149
[step 009] E0 = -11.397932, cost = -0.797118
[step 010] E0 = -11.401752, cost = -0.804543
[step 011] E0 = -11.404803, cost = -0.811424
[step 012] E0 = -11.407298, cost = -0.817733
[step 013] E0 = -11.409420, cost = -0.823436
[step 014] E0 = -11.411312, cost = -0.828519
[step 015] E0 = -11.413072, cost = -0.832997
[step 016] E0 = -11.414762, cost = -0.836908
[step 017] E0 = -11.416417, cost = -0.840307
[step 018] E0 = -11.418061, cost = -0.843254
[step 019] E0 = -11.419703, cost = -0.845807
[step 020] E0 = -11.421351, cost = -0.848023
[step 021] E0 = -11.423008, cost = -0.849951
[step 022] E0 = -11.424673, cost = -0.851632
[step 023] E0 = -11.426345, cost = -0.853104
[step 024] E0 = -11.428022, cost = -0.854397
[step 025] E0 = -11.429702, cost = -0.855539
[step 026] E0 = -11.431381, cost = -0.856551
[step 027] E0 = -11.433057, cost = -0.857451
[step 028] E0 = -11.434727, cost = -0.858255
[step 029] E0 = -11.436388, cost = -0.858977
------------------------------------------------------------
Final ground-state energy: -11.438038
Final cost:                -0.859627
------------------------------------------------------------
No triangles found in this geometry (no 3-cycles).
===============================================
