============================================================
  Gauge Flux Experiment on Emergent Geometry (with square flux)
============================================================
Run root:      outputs\gauge_flux_experiment\20251203_151405_gauge_flux_pi_v1
Geometry file: lr_embedding_3d.npz
Random seed:   117
------------------------------------------------------------
Geometry n_sites: 8
------------------------------------------------------------
n_sites = 8, n_edges = 12
Edges: [(0, 1), (0, 2), (0, 4), (1, 3), (1, 5), (2, 3), (2, 6), (3, 7), (4, 5), (4, 6), (5, 7), (6, 7)]
Found 6 square plaquettes: [[0, 1, 3, 2], [0, 1, 5, 4], [0, 2, 6, 4], [1, 3, 7, 5], [2, 3, 7, 6], [4, 5, 7, 6]]
------------------------------------------------------------
[step 000] E0 = -11.365113, C_total = 4.902510, C_ent = -0.635434, C_flux = 11.075889
[step 001] E0 = -10.802117, C_total = 3.587085, C_ent = -0.531681, C_flux = 8.237533
[step 002] E0 = -10.702605, C_total = 3.271739, C_ent = -0.492549, C_flux = 7.528575
[step 003] E0 = -10.713864, C_total = 3.277725, C_ent = -0.429706, C_flux = 7.414862
[step 004] E0 = -10.720547, C_total = 3.146175, C_ent = -0.568365, C_flux = 7.429080
[step 005] E0 = -10.794768, C_total = 3.308498, C_ent = -0.368955, C_flux = 7.354905
[step 006] E0 = -10.610388, C_total = 3.029401, C_ent = -0.545558, C_flux = 7.149918
[step 007] E0 = -10.969460, C_total = 3.426951, C_ent = -0.383772, C_flux = 7.621447
[step 008] E0 = -10.634202, C_total = 3.261106, C_ent = -0.252803, C_flux = 7.027818
[step 009] E0 = -10.720506, C_total = 3.017736, C_ent = -0.733586, C_flux = 7.502643
[step 010] E0 = -10.555588, C_total = 3.001940, C_ent = -0.507283, C_flux = 7.018447
[step 011] E0 = -11.073888, C_total = 3.530146, C_ent = -0.398173, C_flux = 7.856638
[step 012] E0 = -10.660654, C_total = 3.287020, C_ent = -0.231363, C_flux = 7.036766
[step 013] E0 = -10.710430, C_total = 3.084402, C_ent = -0.604777, C_flux = 7.378359
[step 014] E0 = -10.838942, C_total = 3.325254, C_ent = -0.352033, C_flux = 7.354575
[step 015] E0 = -10.621157, C_total = 3.172038, C_ent = -0.361378, C_flux = 7.066833
[step 016] E0 = -10.878892, C_total = 3.333713, C_ent = -0.497816, C_flux = 7.663059
[step 017] E0 = -10.607355, C_total = 3.001112, C_ent = -0.565050, C_flux = 7.132324
[step 018] E0 = -10.964525, C_total = 3.418319, C_ent = -0.373799, C_flux = 7.584236
[step 019] E0 = -10.641702, C_total = 3.277840, C_ent = -0.232433, C_flux = 7.020546
[step 020] E0 = -10.715006, C_total = 3.032378, C_ent = -0.696342, C_flux = 7.457440
[step 021] E0 = -10.720806, C_total = 3.266615, C_ent = -0.314322, C_flux = 7.161875
[step 022] E0 = -10.638631, C_total = 2.992431, C_ent = -0.617815, C_flux = 7.220492
[step 023] E0 = -10.859357, C_total = 3.339951, C_ent = -0.347830, C_flux = 7.375563
[step 024] E0 = -10.631679, C_total = 3.222135, C_ent = -0.303088, C_flux = 7.050446
[step 025] E0 = -10.765876, C_total = 3.138154, C_ent = -0.635515, C_flux = 7.547338
[step 026] E0 = -10.784866, C_total = 3.291178, C_ent = -0.345462, C_flux = 7.273280
[step 027] E0 = -10.615362, C_total = 3.061542, C_ent = -0.498474, C_flux = 7.120031
[step 028] E0 = -11.009843, C_total = 3.465704, C_ent = -0.396834, C_flux = 7.725076
[step 029] E0 = -10.637301, C_total = 3.258483, C_ent = -0.256925, C_flux = 7.030817
[step 030] E0 = -10.716514, C_total = 3.012173, C_ent = -0.731736, C_flux = 7.487818
[step 031] E0 = -10.555987, C_total = 3.005352, C_ent = -0.503381, C_flux = 7.017465
[step 032] E0 = -11.088367, C_total = 3.545407, C_ent = -0.398678, C_flux = 7.888169
[step 033] E0 = -10.665830, C_total = 3.290671, C_ent = -0.228985, C_flux = 7.039313
[step 034] E0 = -10.713240, C_total = 3.109239, C_ent = -0.570329, C_flux = 7.359135
[step 035] E0 = -10.834760, C_total = 3.318862, C_ent = -0.365942, C_flux = 7.369609
[step 036] E0 = -10.607697, C_total = 3.112741, C_ent = -0.425220, C_flux = 7.075920
[step 037] E0 = -11.001457, C_total = 3.469716, C_ent = -0.429431, C_flux = 7.798295
[step 038] E0 = -10.609491, C_total = 3.156702, C_ent = -0.370795, C_flux = 7.054995
[step 039] E0 = -10.936137, C_total = 3.403630, C_ent = -0.473784, C_flux = 7.754828
------------------------------------------------------------
Final ground-state energy:   -10.581730
Final total cost:            2.944649
  entanglement part:         -0.602717
  flux part (unweighted):    7.094734
------------------------------------------------------------
Square plaquette fluxes (wrapped to (-pi, pi]):
  square [0, 1, 3, 2]: flux ≈ -1.680 rad
  square [0, 1, 5, 4]: flux ≈ 2.312 rad
  square [0, 2, 6, 4]: flux ≈ -2.291 rad
  square [1, 3, 7, 5]: flux ≈ 2.291 rad
  square [2, 3, 7, 6]: flux ≈ -2.312 rad
  square [4, 5, 7, 6]: flux ≈ 1.680 rad
===============================================
